Assembler report for Project_1B
Thu Feb  5 18:50:08 2026
Quartus Prime Version 24.1std.0 Build 1077 03/04/2025 SC Lite Edition


---------------------
; Table of Contents ;
---------------------
  1. Legal Notice
  2. Assembler Summary
  3. Assembler Settings
  4. Assembler Generated Files
  5. Assembler Device Options: I:/Desktop/ACADEMIC_CLASSES/ECE554/ECE554_minilab0/Minilab 1B/Project_1B.sof
  6. Assembler Messages



----------------
; Legal Notice ;
----------------
Copyright (C) 2025  Altera Corporation. All rights reserved.
Your use of Altera Corporation's design tools, logic functions 
and other software and tools, and any partner logic 
functions, and any output files from any of the foregoing 
(including device programming or simulation files), and any 
associated documentation or information are expressly subject 
to the terms and conditions of the Altera Program License 
Subscription Agreement, the Altera Quartus Prime License Agreement,
the Altera IP License Agreement, or other applicable license
agreement, including, without limitation, that your use is for
the sole purpose of programming logic devices manufactured by
Altera and sold by Altera or its authorized distributors.  Please
refer to the Altera Software License Subscription Agreements 
on the Quartus Prime software download page.



+---------------------------------------------------------------+
; Assembler Summary                                             ;
+-----------------------+---------------------------------------+
; Assembler Status      ; Successful - Thu Feb  5 18:50:08 2026 ;
; Revision Name         ; Project_1B                            ;
; Top-level Entity Name ; Project_1B                            ;
; Family                ; Cyclone V                             ;
; Device                ; 5CSEMA5F31C6                          ;
+-----------------------+---------------------------------------+


+----------------------------------+
; Assembler Settings               ;
+--------+---------+---------------+
; Option ; Setting ; Default Value ;
+--------+---------+---------------+


+------------------------------------------------------------------------------+
; Assembler Generated Files                                                    ;
+------------------------------------------------------------------------------+
; File Name                                                                    ;
+------------------------------------------------------------------------------+
; I:/Desktop/ACADEMIC_CLASSES/ECE554/ECE554_minilab0/Minilab 1B/Project_1B.sof ;
+------------------------------------------------------------------------------+


+--------------------------------------------------------------------------------------------------------+
; Assembler Device Options: I:/Desktop/ACADEMIC_CLASSES/ECE554/ECE554_minilab0/Minilab 1B/Project_1B.sof ;
+----------------+---------------------------------------------------------------------------------------+
; Option         ; Setting                                                                               ;
+----------------+---------------------------------------------------------------------------------------+
; JTAG usercode  ; 0x00F9D006                                                                            ;
; Checksum       ; 0x00F9D006                                                                            ;
+----------------+---------------------------------------------------------------------------------------+


+--------------------+
; Assembler Messages ;
+--------------------+
Info: *******************************************************************
Info: Running Quartus Prime Assembler
    Info: Version 24.1std.0 Build 1077 03/04/2025 SC Lite Edition
    Info: Processing started: Thu Feb  5 18:49:58 2026
Info: Command: quartus_asm --read_settings_files=off --write_settings_files=off Project_1B -c Project_1B
Warning (18236): Number of processors has not been specified which may cause overloading on shared machines.  Set the global assignment NUM_PARALLEL_PROCESSORS in your QSF to an appropriate value for best performance.
Info (115030): Assembler is generating device programming files
Info: Quartus Prime Assembler was successful. 0 errors, 1 warning
    Info: Peak virtual memory: 5242 megabytes
    Info: Processing ended: Thu Feb  5 18:50:08 2026
    Info: Elapsed time: 00:00:10
    Info: Total CPU time (on all processors): 00:00:05


